Using pre-set license
Built from '2020.3/staging' branch; Version is '2020.3.9f1 (108be757e447) revision 1084391'; Using compiler version '192528614'; Build Type 'Release'
OS: 'Windows 10 Home; OS build 19043.1165; Version 2009; 64bit' Language: 'en' Physical Memory: 16334 MB
BatchMode: 1, IsHumanControllingUs: 0, StartBugReporterOnCrash: 0, Is64bit: 1, IsPro: 0

 COMMAND LINE ARGUMENTS:
H:\Unity Installations\2020.3.9f1\Editor\Unity.exe
-adb2
-batchMode
-noUpm
-name
AssetImportWorker0
-projectPath
C:/Users/Moses/Documents/GitHub/VR-Gameshow-Prototype/VR Gameshow Prototype
-logFile
Logs/AssetImportWorker0.log
-srvPort
49816
Successfully changed project path to: C:/Users/Moses/Documents/GitHub/VR-Gameshow-Prototype/VR Gameshow Prototype
C:/Users/Moses/Documents/GitHub/VR-Gameshow-Prototype/VR Gameshow Prototype
Using Asset Import Pipeline V2.
Refreshing native plugins compatible for Editor in 104.93 ms, found 8 plugins.
Preloading 1 native plugins for Editor in 1.67 ms.
Initialize engine version: 2020.3.9f1 (108be757e447)
[Subsystems] Discovering subsystems at path H:/Unity Installations/2020.3.9f1/Editor/Data/Resources/UnitySubsystems
[Subsystems] Discovering subsystems at path C:/Users/Moses/Documents/GitHub/VR-Gameshow-Prototype/VR Gameshow Prototype/Assets
GfxDevice: creating device client; threaded=0
Direct3D:
    Version:  Direct3D 11.0 [level 11.0]
    Renderer: NVIDIA GeForce GTX 750 (ID=0x1381)
    Vendor:   
    VRAM:     2007 MB
    Driver:   27.21.14.5671
Shader 'Universal Render Pipeline/Particles/Lit': fallback shader 'Universal Render Pipeline/Particles/SimpleLit' not found
Initialize mono
Mono path[0] = 'H:/Unity Installations/2020.3.9f1/Editor/Data/Managed'
Mono path[1] = 'H:/Unity Installations/2020.3.9f1/Editor/Data/MonoBleedingEdge/lib/mono/unityjit'
Mono config path = 'H:/Unity Installations/2020.3.9f1/Editor/Data/MonoBleedingEdge/etc'
Using monoOptions --debugger-agent=transport=dt_socket,embedding=1,server=y,suspend=n,address=127.0.0.1:56120
Begin MonoManager ReloadAssembly
Registering precompiled unity dll's ...
Register platform support module: H:/Unity Installations/2020.3.9f1/Editor/Data/PlaybackEngines/WindowsStandaloneSupport/UnityEditor.WindowsStandalone.Extensions.dll
Registered in 0.002729 seconds.
Native extension for WindowsStandalone target not found
Refreshing native plugins compatible for Editor in 97.11 ms, found 8 plugins.
Preloading 1 native plugins for Editor in 0.22 ms.
Mono: successfully reloaded assembly
- Completed reload, in  2.955 seconds
Platform modules already initialized, skipping
Registering precompiled user dll's ...
Registered in 0.012394 seconds.
Begin MonoManager ReloadAssembly
Native extension for WindowsStandalone target not found
Refreshing native plugins compatible for Editor in 88.42 ms, found 8 plugins.
Preloading 1 native plugins for Editor in 0.21 ms.
[XR] OculusXRPlugin: registering subsystems
[XR] Unable to register display lifecyle provider: [1]
[XR] Oculus Input lifecycle provider registered.
[XR] Unable to register input lifecyle provider: [1]
NullReferenceException: Object reference not set to an instance of an object
  at Unity.XR.Oculus.OculusLoader.AssetPathToAbsolutePath (System.String assetPath) [0x00048] in C:\Users\Moses\Documents\GitHub\VR-Gameshow-Prototype\VR Gameshow Prototype\Library\PackageCache\com.unity.xr.oculus@1.9.1\Runtime\OculusLoader.cs:249 
  at Unity.XR.Oculus.OculusLoader.EditorLoadOVRPlugin () [0x0007b] in C:\Users\Moses\Documents\GitHub\VR-Gameshow-Prototype\VR Gameshow Prototype\Library\PackageCache\com.unity.xr.oculus@1.9.1\Runtime\OculusLoader.cs:234 

(Filename: Library/PackageCache/com.unity.xr.oculus@1.9.1/Runtime/OculusLoader.cs Line: 249)

Mono: successfully reloaded assembly
- Completed reload, in  1.725 seconds
Platform modules already initialized, skipping
========================================================================
Worker process is ready to serve import requests
Shader 'Universal Render Pipeline/Particles/Lit': fallback shader 'Universal Render Pipeline/Particles/SimpleLit' not found
Launched and connected shader compiler UnityShaderCompiler.exe after 0.09 seconds
Refreshing native plugins compatible for Editor in 1.04 ms, found 8 plugins.
Preloading 1 native plugins for Editor in 0.21 ms.
Unloading 3113 Unused Serialized files (Serialized files now loaded: 0)
System memory in use before: 148.3 MB.
System memory in use after: 148.3 MB.

Unloading 30 unused Assets to reduce memory usage. Loaded Objects now: 3565.
Total: 4.172300 ms (FindLiveObjects: 0.519800 ms CreateObjectMapping: 0.267800 ms MarkObjects: 3.274100 ms  DeleteObjects: 0.108400 ms)

========================================================================
Received Import Request.
  path: Assets/Samples/XR Interaction Toolkit
  artifactKey: Guid(f22264729c9ed804ab97627c5efdce51) Importer(815301076,1909f56bfc062723c751e8b465ee728b)
Start importing Assets/Samples/XR Interaction Toolkit using Guid(f22264729c9ed804ab97627c5efdce51) Importer(815301076,1909f56bfc062723c751e8b465ee728b)  -> (artifact id: 'cf3e8f384a56ed61b97b8eb8180f55f8') in 0.008726 seconds
  Import took 0.014665 seconds .

========================================================================
Received Import Request.
  Time since last request: 0.000263 seconds.
  path: Assets/Samples
  artifactKey: Guid(f55aec6d89a8c0d4780810eb4742d313) Importer(815301076,1909f56bfc062723c751e8b465ee728b)
Start importing Assets/Samples using Guid(f55aec6d89a8c0d4780810eb4742d313) Importer(815301076,1909f56bfc062723c751e8b465ee728b)  -> (artifact id: 'f73493db67052e702c786a02bc8cd79d') in 0.002937 seconds
  Import took 0.008196 seconds .

========================================================================
Received Import Request.
  Time since last request: 32.450919 seconds.
  path: Assets/Samples/XR Interaction Toolkit/1.0.0-pre.5/Default Input Actions/XRI Default Continuous Move.preset
  artifactKey: Guid(91f9da00cfdac5d49955df2d2d820b9c) Importer(815301076,1909f56bfc062723c751e8b465ee728b)
Start importing Assets/Samples/XR Interaction Toolkit/1.0.0-pre.5/Default Input Actions/XRI Default Continuous Move.preset using Guid(91f9da00cfdac5d49955df2d2d820b9c) Importer(815301076,1909f56bfc062723c751e8b465ee728b)  -> (artifact id: '7da3fe9c90d3328ccbda1acb67679066') in 0.074392 seconds
  Import took 0.081090 seconds .

========================================================================
Received Import Request.
  Time since last request: 0.000223 seconds.
  path: Assets/Samples/XR Interaction Toolkit/1.0.0-pre.5/Default Input Actions/XRI Default Left Controller.preset
  artifactKey: Guid(ffd8268f7307a0c48a067dad4a8fe060) Importer(815301076,1909f56bfc062723c751e8b465ee728b)
Start importing Assets/Samples/XR Interaction Toolkit/1.0.0-pre.5/Default Input Actions/XRI Default Left Controller.preset using Guid(ffd8268f7307a0c48a067dad4a8fe060) Importer(815301076,1909f56bfc062723c751e8b465ee728b)  -> (artifact id: '4262c9a3ed65a32472f92dcc7aabada0') in 0.018258 seconds
  Import took 0.024494 seconds .

========================================================================
Received Import Request.
  Time since last request: 0.000247 seconds.
  path: Assets/Samples/XR Interaction Toolkit/1.0.0-pre.5/Default Input Actions/XRI Default Snap Turn.preset
  artifactKey: Guid(18697d253d848974aa7052cba872c9f0) Importer(815301076,1909f56bfc062723c751e8b465ee728b)
Start importing Assets/Samples/XR Interaction Toolkit/1.0.0-pre.5/Default Input Actions/XRI Default Snap Turn.preset using Guid(18697d253d848974aa7052cba872c9f0) Importer(815301076,1909f56bfc062723c751e8b465ee728b)  -> (artifact id: '16670b800db6788a6c2019e24f3b4ddb') in 0.008248 seconds
  Import took 0.013738 seconds .

========================================================================
Received Import Request.
  Time since last request: 0.000224 seconds.
  path: Assets/Samples/XR Interaction Toolkit/1.0.0-pre.5/Default Input Actions/XRI Default Input Actions.inputactions
  artifactKey: Guid(c348712bda248c246b8c49b3db54643f) Importer(815301076,1909f56bfc062723c751e8b465ee728b)
Start importing Assets/Samples/XR Interaction Toolkit/1.0.0-pre.5/Default Input Actions/XRI Default Input Actions.inputactions using Guid(c348712bda248c246b8c49b3db54643f) Importer(815301076,1909f56bfc062723c751e8b465ee728b)  -> (artifact id: '3c06ac9a8df405e63ab2abd71447da72') in 0.016565 seconds
  Import took 0.022454 seconds .

========================================================================
Received Import Request.
  Time since last request: 0.000258 seconds.
  path: Assets/Samples/XR Interaction Toolkit/1.0.0-pre.5/Default Input Actions/XRI Default Continuous Turn.preset
  artifactKey: Guid(0caad3af14f9a414dbdf25ed41e5aa47) Importer(815301076,1909f56bfc062723c751e8b465ee728b)
Start importing Assets/Samples/XR Interaction Toolkit/1.0.0-pre.5/Default Input Actions/XRI Default Continuous Turn.preset using Guid(0caad3af14f9a414dbdf25ed41e5aa47) Importer(815301076,1909f56bfc062723c751e8b465ee728b)  -> (artifact id: 'e4ccefdc474ceb738a43be42fa0dd200') in 0.009759 seconds
  Import took 0.015482 seconds .

========================================================================
Received Import Request.
  Time since last request: 0.000298 seconds.
  path: Assets/Samples/XR Interaction Toolkit/1.0.0-pre.5/Default Input Actions/XRI Default Right Controller.preset
  artifactKey: Guid(1421ad86ff3787b4dae70fe9e699a25f) Importer(815301076,1909f56bfc062723c751e8b465ee728b)
Start importing Assets/Samples/XR Interaction Toolkit/1.0.0-pre.5/Default Input Actions/XRI Default Right Controller.preset using Guid(1421ad86ff3787b4dae70fe9e699a25f) Importer(815301076,1909f56bfc062723c751e8b465ee728b)  -> (artifact id: '8dcadb25ec308300406d5962f5bf2377') in 0.006543 seconds
  Import took 0.012581 seconds .

========================================================================
Received Import Request.
  Time since last request: 1448.816596 seconds.
  path: Assets/Samples/XR Interaction Toolkit/1.0.0-pre.5/Default Input Actions
  artifactKey: Guid(63c2f0e18fabd5744baec1e6238fdf72) Importer(815301076,1909f56bfc062723c751e8b465ee728b)
Start importing Assets/Samples/XR Interaction Toolkit/1.0.0-pre.5/Default Input Actions using Guid(63c2f0e18fabd5744baec1e6238fdf72) Importer(815301076,1909f56bfc062723c751e8b465ee728b)  -> (artifact id: '6c97ff26ab741ed2bb36a7210a470db6') in 0.003722 seconds
  Import took 0.013404 seconds .

========================================================================
Received Import Request.
  Time since last request: 12.925420 seconds.
  path: Assets/XR/Settings/Open XR Package Settings.asset
  artifactKey: Guid(845bda77cf64ad54f9b5444333133c37) Importer(815301076,1909f56bfc062723c751e8b465ee728b)
Start importing Assets/XR/Settings/Open XR Package Settings.asset using Guid(845bda77cf64ad54f9b5444333133c37) Importer(815301076,1909f56bfc062723c751e8b465ee728b)  -> (artifact id: '9ca4096713d15aa50ceb652ea1d1e4b6') in 0.014745 seconds
  Import took 0.022998 seconds .

========================================================================
Received Import Request.
  Time since last request: 9.627541 seconds.
  path: Assets/Samples/XR Interaction Toolkit/1.0.0-pre.5
  artifactKey: Guid(56c7121602099f5429d9ca7bdeb42642) Importer(815301076,1909f56bfc062723c751e8b465ee728b)
Start importing Assets/Samples/XR Interaction Toolkit/1.0.0-pre.5 using Guid(56c7121602099f5429d9ca7bdeb42642) Importer(815301076,1909f56bfc062723c751e8b465ee728b)  -> (artifact id: '07d59e2b637eddf48ffb0a4f47757627') in 0.003647 seconds
  Import took 0.010955 seconds .

========================================================================
Received Import Request.
  Time since last request: 0.006105 seconds.
  path: Assets/Samples/XR Interaction Toolkit/1.0.0-pre.5
  artifactKey: Guid(56c7121602099f5429d9ca7bdeb42642) Importer(815301076,1909f56bfc062723c751e8b465ee728b)
Start importing Assets/Samples/XR Interaction Toolkit/1.0.0-pre.5 using Guid(56c7121602099f5429d9ca7bdeb42642) Importer(815301076,1909f56bfc062723c751e8b465ee728b)  -> (artifact id: '07d59e2b637eddf48ffb0a4f47757627') in 0.003163 seconds
  Import took 0.010274 seconds .

========================================================================
Received Import Request.
  Time since last request: 708.868742 seconds.
  path: Assets/Scenes/PlayZone
  artifactKey: Guid(1ef600b97ace8bb4894b869d03b9d0be) Importer(815301076,1909f56bfc062723c751e8b465ee728b)
Start importing Assets/Scenes/PlayZone using Guid(1ef600b97ace8bb4894b869d03b9d0be) Importer(815301076,1909f56bfc062723c751e8b465ee728b)  -> (artifact id: '344d4e435f203c96605a3398168c5c2b') in 0.003577 seconds
  Import took 0.010681 seconds .

========================================================================
Received Import Request.
  Time since last request: 0.062430 seconds.
  path: Assets/Scenes/PlayZone/Main Camera Profile 1.asset
  artifactKey: Guid(a62f8eb18ee35624bbf9088afb0aaac2) Importer(815301076,1909f56bfc062723c751e8b465ee728b)
Start importing Assets/Scenes/PlayZone/Main Camera Profile 1.asset using Guid(a62f8eb18ee35624bbf9088afb0aaac2) Importer(815301076,1909f56bfc062723c751e8b465ee728b)  -> (artifact id: '626c1673098d3a7ac0140a7ac04d5909') in 0.018456 seconds
  Import took 0.026111 seconds .

========================================================================
Received Import Request.
  Time since last request: 0.000397 seconds.
  path: Assets/Scenes/PlayZone/Main Camera Profile.asset
  artifactKey: Guid(b04dfeaa51851894983e8480eb05feab) Importer(815301076,1909f56bfc062723c751e8b465ee728b)
Start importing Assets/Scenes/PlayZone/Main Camera Profile.asset using Guid(b04dfeaa51851894983e8480eb05feab) Importer(815301076,1909f56bfc062723c751e8b465ee728b)  -> (artifact id: '678884ff67da974a1075bf31d65f607e') in 0.024625 seconds
  Import took 0.032758 seconds .

========================================================================
Received Import Request.
  Time since last request: 12.877208 seconds.
  path: Assets/Scenes/TestScenes
  artifactKey: Guid(544782b18b17b024a96ed24c0be89ba3) Importer(815301076,1909f56bfc062723c751e8b465ee728b)
Start importing Assets/Scenes/TestScenes using Guid(544782b18b17b024a96ed24c0be89ba3) Importer(815301076,1909f56bfc062723c751e8b465ee728b)  -> (artifact id: 'f934f9a42b59d4e7b687350d7e380c60') in 0.004664 seconds
  Import took 0.051789 seconds .

========================================================================
Received Import Request.
  Time since last request: 6.571282 seconds.
  path: Assets/Scenes/TestScenes/ButtonTest.unity
  artifactKey: Guid(a1b95d7e9d243be45a95f39797c92024) Importer(815301076,1909f56bfc062723c751e8b465ee728b)
Start importing Assets/Scenes/TestScenes/ButtonTest.unity using Guid(a1b95d7e9d243be45a95f39797c92024) Importer(815301076,1909f56bfc062723c751e8b465ee728b)  -> (artifact id: 'db41d19f76fd50f7ce0547a573c20582') in 0.003768 seconds
  Import took 0.009469 seconds .

========================================================================
Received Import Request.
  Time since last request: 0.018455 seconds.
  path: Assets/Scenes/TestScenes/ButtonTest.unity
  artifactKey: Guid(a1b95d7e9d243be45a95f39797c92024) Importer(815301076,1909f56bfc062723c751e8b465ee728b)
Start importing Assets/Scenes/TestScenes/ButtonTest.unity using Guid(a1b95d7e9d243be45a95f39797c92024) Importer(815301076,1909f56bfc062723c751e8b465ee728b)  -> (artifact id: 'db41d19f76fd50f7ce0547a573c20582') in 0.003541 seconds
  Import took 0.011859 seconds .

========================================================================
Received Prepare
Registering precompiled user dll's ...
Registered in 0.014335 seconds.
Begin MonoManager ReloadAssembly
Native extension for WindowsStandalone target not found
Refreshing native plugins compatible for Editor in 1.01 ms, found 8 plugins.
Preloading 1 native plugins for Editor in 0.39 ms.
NullReferenceException: Object reference not set to an instance of an object
  at Unity.XR.Oculus.OculusLoader.AssetPathToAbsolutePath (System.String assetPath) [0x00048] in C:\Users\Moses\Documents\GitHub\VR-Gameshow-Prototype\VR Gameshow Prototype\Library\PackageCache\com.unity.xr.oculus@1.9.1\Runtime\OculusLoader.cs:249 
  at Unity.XR.Oculus.OculusLoader.EditorLoadOVRPlugin () [0x0007b] in C:\Users\Moses\Documents\GitHub\VR-Gameshow-Prototype\VR Gameshow Prototype\Library\PackageCache\com.unity.xr.oculus@1.9.1\Runtime\OculusLoader.cs:234 

(Filename: Library/PackageCache/com.unity.xr.oculus@1.9.1/Runtime/OculusLoader.cs Line: 249)

Mono: successfully reloaded assembly
- Completed reload, in  1.811 seconds
Platform modules already initialized, skipping
Switching build target platform(19) subTarget(0) extendedPlatform(0) -> platform(13) subTarget(524294) extendedPlatform(0)
Shader 'Universal Render Pipeline/Particles/Lit': fallback shader 'Universal Render Pipeline/Particles/SimpleLit' not found
Refreshing native plugins compatible for Editor in 1.06 ms, found 8 plugins.
Preloading 1 native plugins for Editor in 0.19 ms.
Unloading 2974 Unused Serialized files (Serialized files now loaded: 0)
System memory in use before: 138.0 MB.
System memory in use after: 138.2 MB.

Unloading 37 unused Assets to reduce memory usage. Loaded Objects now: 3575.
Total: 4.495600 ms (FindLiveObjects: 0.642400 ms CreateObjectMapping: 0.485200 ms MarkObjects: 3.183700 ms  DeleteObjects: 0.182500 ms)

AssetImportParameters requested are different than current active one (requested -> active):
  custom:graphics/normal-map-encoding: 01000000000000000000000000000000 -> 02000000000000000000000000000000
========================================================================
Received Import Request.
  Time since last request: 1734.055458 seconds.
  path: Assets/Scripts/PhysicsButton.cs
  artifactKey: Guid(a5ab47d619ecc8b4ea0771598aa18bee) Importer(815301076,1909f56bfc062723c751e8b465ee728b)
Start importing Assets/Scripts/PhysicsButton.cs using Guid(a5ab47d619ecc8b4ea0771598aa18bee) Importer(815301076,1909f56bfc062723c751e8b465ee728b)  -> (artifact id: '1a1ace0ad53a8cd65f24464c517849e7') in 0.242852 seconds
  Import took 0.250352 seconds .

========================================================================
Received Prepare
Registering precompiled user dll's ...
Registered in 0.012714 seconds.
Begin MonoManager ReloadAssembly
Native extension for WindowsStandalone target not found
Refreshing native plugins compatible for Editor in 1.40 ms, found 8 plugins.
Preloading 1 native plugins for Editor in 0.19 ms.
NullReferenceException: Object reference not set to an instance of an object
  at Unity.XR.Oculus.OculusLoader.AssetPathToAbsolutePath (System.String assetPath) [0x00048] in C:\Users\Moses\Documents\GitHub\VR-Gameshow-Prototype\VR Gameshow Prototype\Library\PackageCache\com.unity.xr.oculus@1.9.1\Runtime\OculusLoader.cs:249 
  at Unity.XR.Oculus.OculusLoader.EditorLoadOVRPlugin () [0x0007b] in C:\Users\Moses\Documents\GitHub\VR-Gameshow-Prototype\VR Gameshow Prototype\Library\PackageCache\com.unity.xr.oculus@1.9.1\Runtime\OculusLoader.cs:234 

(Filename: Library/PackageCache/com.unity.xr.oculus@1.9.1/Runtime/OculusLoader.cs Line: 249)

Mono: successfully reloaded assembly
- Completed reload, in  2.643 seconds
Platform modules already initialized, skipping
Switching build target platform(19) subTarget(0) extendedPlatform(0) -> platform(13) subTarget(524294) extendedPlatform(0)
Shader 'Universal Render Pipeline/Particles/Lit': fallback shader 'Universal Render Pipeline/Particles/SimpleLit' not found
Refreshing native plugins compatible for Editor in 1.06 ms, found 8 plugins.
Preloading 1 native plugins for Editor in 0.19 ms.
Unloading 2974 Unused Serialized files (Serialized files now loaded: 0)
System memory in use before: 138.0 MB.
System memory in use after: 138.2 MB.

Unloading 23 unused Assets to reduce memory usage. Loaded Objects now: 3580.
Total: 4.940100 ms (FindLiveObjects: 0.472600 ms CreateObjectMapping: 0.336400 ms MarkObjects: 3.997700 ms  DeleteObjects: 0.130800 ms)

AssetImportParameters requested are different than current active one (requested -> active):
  custom:graphics/normal-map-encoding: 01000000000000000000000000000000 -> 02000000000000000000000000000000
========================================================================
Received Prepare
Registering precompiled user dll's ...
Registered in 0.013680 seconds.
Begin MonoManager ReloadAssembly
Native extension for WindowsStandalone target not found
Refreshing native plugins compatible for Editor in 1.03 ms, found 8 plugins.
Preloading 1 native plugins for Editor in 0.27 ms.
NullReferenceException: Object reference not set to an instance of an object
  at Unity.XR.Oculus.OculusLoader.AssetPathToAbsolutePath (System.String assetPath) [0x00048] in C:\Users\Moses\Documents\GitHub\VR-Gameshow-Prototype\VR Gameshow Prototype\Library\PackageCache\com.unity.xr.oculus@1.9.1\Runtime\OculusLoader.cs:249 
  at Unity.XR.Oculus.OculusLoader.EditorLoadOVRPlugin () [0x0007b] in C:\Users\Moses\Documents\GitHub\VR-Gameshow-Prototype\VR Gameshow Prototype\Library\PackageCache\com.unity.xr.oculus@1.9.1\Runtime\OculusLoader.cs:234 

(Filename: Library/PackageCache/com.unity.xr.oculus@1.9.1/Runtime/OculusLoader.cs Line: 249)

Mono: successfully reloaded assembly
- Completed reload, in  1.743 seconds
Platform modules already initialized, skipping
Switching build target platform(19) subTarget(0) extendedPlatform(0) -> platform(13) subTarget(524294) extendedPlatform(0)
Shader 'Universal Render Pipeline/Particles/Lit': fallback shader 'Universal Render Pipeline/Particles/SimpleLit' not found
Refreshing native plugins compatible for Editor in 1.01 ms, found 8 plugins.
Preloading 1 native plugins for Editor in 0.19 ms.
Unloading 2974 Unused Serialized files (Serialized files now loaded: 0)
System memory in use before: 138.1 MB.
System memory in use after: 138.3 MB.

Unloading 23 unused Assets to reduce memory usage. Loaded Objects now: 3584.
Total: 4.734900 ms (FindLiveObjects: 0.431000 ms CreateObjectMapping: 0.331000 ms MarkObjects: 3.757200 ms  DeleteObjects: 0.214000 ms)

AssetImportParameters requested are different than current active one (requested -> active):
  custom:graphics/normal-map-encoding: 01000000000000000000000000000000 -> 02000000000000000000000000000000
========================================================================
Received Import Request.
  Time since last request: 324.560385 seconds.
  path: Assets/Scripts/PhysicsButton.cs
  artifactKey: Guid(a5ab47d619ecc8b4ea0771598aa18bee) Importer(815301076,1909f56bfc062723c751e8b465ee728b)
Start importing Assets/Scripts/PhysicsButton.cs using Guid(a5ab47d619ecc8b4ea0771598aa18bee) Importer(815301076,1909f56bfc062723c751e8b465ee728b)  -> (artifact id: '042d38217c766927d07d0b7373c05629') in 0.010000 seconds
  Import took 0.016181 seconds .

========================================================================
Received Import Request.
  Time since last request: 1921.957270 seconds.
  path: Assets/Scripts/PhysicsButton.cs
  artifactKey: Guid(a5ab47d619ecc8b4ea0771598aa18bee) Importer(815301076,1909f56bfc062723c751e8b465ee728b)
Start importing Assets/Scripts/PhysicsButton.cs using Guid(a5ab47d619ecc8b4ea0771598aa18bee) Importer(815301076,1909f56bfc062723c751e8b465ee728b)  -> (artifact id: '8a6fe5f74555590925e2ab3a83ce0fb0') in 0.009556 seconds
  Import took 0.025050 seconds .

========================================================================
Received Import Request.
  Time since last request: 0.066919 seconds.
  path: Assets/Scripts/PhysicsButton.cs
  artifactKey: Guid(a5ab47d619ecc8b4ea0771598aa18bee) Importer(815301076,1909f56bfc062723c751e8b465ee728b)
Start importing Assets/Scripts/PhysicsButton.cs using Guid(a5ab47d619ecc8b4ea0771598aa18bee) Importer(815301076,1909f56bfc062723c751e8b465ee728b)  -> (artifact id: '8a6fe5f74555590925e2ab3a83ce0fb0') in 0.006278 seconds
  Import took 0.018311 seconds .

========================================================================
Received Prepare
Registering precompiled user dll's ...
Registered in 0.531768 seconds.
Begin MonoManager ReloadAssembly
Native extension for WindowsStandalone target not found
Refreshing native plugins compatible for Editor in 0.98 ms, found 8 plugins.
Preloading 1 native plugins for Editor in 0.22 ms.
NullReferenceException: Object reference not set to an instance of an object
  at Unity.XR.Oculus.OculusLoader.AssetPathToAbsolutePath (System.String assetPath) [0x00048] in C:\Users\Moses\Documents\GitHub\VR-Gameshow-Prototype\VR Gameshow Prototype\Library\PackageCache\com.unity.xr.oculus@1.9.1\Runtime\OculusLoader.cs:249 
  at Unity.XR.Oculus.OculusLoader.EditorLoadOVRPlugin () [0x0007b] in C:\Users\Moses\Documents\GitHub\VR-Gameshow-Prototype\VR Gameshow Prototype\Library\PackageCache\com.unity.xr.oculus@1.9.1\Runtime\OculusLoader.cs:234 

(Filename: Library/PackageCache/com.unity.xr.oculus@1.9.1/Runtime/OculusLoader.cs Line: 249)

Mono: successfully reloaded assembly
- Completed reload, in  1.729 seconds
Platform modules already initialized, skipping
Switching build target platform(19) subTarget(0) extendedPlatform(0) -> platform(13) subTarget(524294) extendedPlatform(0)
Shader 'Universal Render Pipeline/Particles/Lit': fallback shader 'Universal Render Pipeline/Particles/SimpleLit' not found
Refreshing native plugins compatible for Editor in 1.30 ms, found 8 plugins.
Preloading 1 native plugins for Editor in 0.82 ms.
Unloading 2974 Unused Serialized files (Serialized files now loaded: 0)
System memory in use before: 138.1 MB.
System memory in use after: 138.3 MB.

Unloading 23 unused Assets to reduce memory usage. Loaded Objects now: 3588.
Total: 4.284700 ms (FindLiveObjects: 0.610300 ms CreateObjectMapping: 0.362400 ms MarkObjects: 3.054600 ms  DeleteObjects: 0.255300 ms)

AssetImportParameters requested are different than current active one (requested -> active):
  custom:graphics/normal-map-encoding: 01000000000000000000000000000000 -> 02000000000000000000000000000000
========================================================================
Received Import Request.
  Time since last request: 327.070824 seconds.
  path: Assets/Scripts/PhysicsButton.cs
  artifactKey: Guid(a5ab47d619ecc8b4ea0771598aa18bee) Importer(815301076,1909f56bfc062723c751e8b465ee728b)
Start importing Assets/Scripts/PhysicsButton.cs using Guid(a5ab47d619ecc8b4ea0771598aa18bee) Importer(815301076,1909f56bfc062723c751e8b465ee728b)  -> (artifact id: 'f389804784754904c5dc326ef4680527') in 0.009812 seconds
  Import took 0.019858 seconds .

AssetImportWorkerClient::OnTransportError - code=2 error=End of file
