Using pre-set license
Built from '2020.3/staging' branch; Version is '2020.3.9f1 (108be757e447) revision 1084391'; Using compiler version '192528614'; Build Type 'Release'
OS: 'Windows 10 Home; OS build 19043.1165; Version 2009; 64bit' Language: 'en' Physical Memory: 16334 MB
BatchMode: 1, IsHumanControllingUs: 0, StartBugReporterOnCrash: 0, Is64bit: 1, IsPro: 0

 COMMAND LINE ARGUMENTS:
H:\Unity Installations\2020.3.9f1\Editor\Unity.exe
-adb2
-batchMode
-noUpm
-name
AssetImportWorker0
-projectPath
C:/Users/Moses/Documents/GitHub/VR-Gameshow-Prototype/VR Gameshow Prototype
-logFile
Logs/AssetImportWorker0.log
-srvPort
65208
Successfully changed project path to: C:/Users/Moses/Documents/GitHub/VR-Gameshow-Prototype/VR Gameshow Prototype
C:/Users/Moses/Documents/GitHub/VR-Gameshow-Prototype/VR Gameshow Prototype
Using Asset Import Pipeline V2.
Refreshing native plugins compatible for Editor in 142.60 ms, found 8 plugins.
Preloading 1 native plugins for Editor in 2.17 ms.
Initialize engine version: 2020.3.9f1 (108be757e447)
[Subsystems] Discovering subsystems at path H:/Unity Installations/2020.3.9f1/Editor/Data/Resources/UnitySubsystems
[Subsystems] Discovering subsystems at path C:/Users/Moses/Documents/GitHub/VR-Gameshow-Prototype/VR Gameshow Prototype/Assets
GfxDevice: creating device client; threaded=0
Direct3D:
    Version:  Direct3D 11.0 [level 11.0]
    Renderer: NVIDIA GeForce GTX 750 (ID=0x1381)
    Vendor:   
    VRAM:     2007 MB
    Driver:   27.21.14.5671
Shader 'Universal Render Pipeline/Particles/Lit': fallback shader 'Universal Render Pipeline/Particles/SimpleLit' not found
Initialize mono
Mono path[0] = 'H:/Unity Installations/2020.3.9f1/Editor/Data/Managed'
Mono path[1] = 'H:/Unity Installations/2020.3.9f1/Editor/Data/MonoBleedingEdge/lib/mono/unityjit'
Mono config path = 'H:/Unity Installations/2020.3.9f1/Editor/Data/MonoBleedingEdge/etc'
Using monoOptions --debugger-agent=transport=dt_socket,embedding=1,server=y,suspend=n,address=127.0.0.1:56436
Begin MonoManager ReloadAssembly
Registering precompiled unity dll's ...
Register platform support module: H:/Unity Installations/2020.3.9f1/Editor/Data/PlaybackEngines/WindowsStandaloneSupport/UnityEditor.WindowsStandalone.Extensions.dll
Registered in 0.002260 seconds.
Native extension for WindowsStandalone target not found
Refreshing native plugins compatible for Editor in 106.75 ms, found 8 plugins.
Preloading 1 native plugins for Editor in 0.22 ms.
Mono: successfully reloaded assembly
- Completed reload, in  2.883 seconds
Platform modules already initialized, skipping
Registering precompiled user dll's ...
Registered in 0.014371 seconds.
Begin MonoManager ReloadAssembly
Native extension for WindowsStandalone target not found
Refreshing native plugins compatible for Editor in 88.56 ms, found 8 plugins.
Preloading 1 native plugins for Editor in 0.21 ms.
[XR] OculusXRPlugin: registering subsystems
[XR] Unable to register display lifecyle provider: [1]
[XR] Oculus Input lifecycle provider registered.
[XR] Unable to register input lifecyle provider: [1]
NullReferenceException: Object reference not set to an instance of an object
  at Unity.XR.Oculus.OculusLoader.AssetPathToAbsolutePath (System.String assetPath) [0x00048] in C:\Users\Moses\Documents\GitHub\VR-Gameshow-Prototype\VR Gameshow Prototype\Library\PackageCache\com.unity.xr.oculus@1.9.1\Runtime\OculusLoader.cs:249 
  at Unity.XR.Oculus.OculusLoader.EditorLoadOVRPlugin () [0x0007b] in C:\Users\Moses\Documents\GitHub\VR-Gameshow-Prototype\VR Gameshow Prototype\Library\PackageCache\com.unity.xr.oculus@1.9.1\Runtime\OculusLoader.cs:234 

(Filename: Library/PackageCache/com.unity.xr.oculus@1.9.1/Runtime/OculusLoader.cs Line: 249)

Mono: successfully reloaded assembly
- Completed reload, in  1.641 seconds
Platform modules already initialized, skipping
========================================================================
Worker process is ready to serve import requests
Shader 'Universal Render Pipeline/Particles/Lit': fallback shader 'Universal Render Pipeline/Particles/SimpleLit' not found
Launched and connected shader compiler UnityShaderCompiler.exe after 0.05 seconds
Refreshing native plugins compatible for Editor in 0.88 ms, found 8 plugins.
Preloading 1 native plugins for Editor in 0.18 ms.
Unloading 3114 Unused Serialized files (Serialized files now loaded: 0)
System memory in use before: 148.7 MB.
System memory in use after: 148.7 MB.

Unloading 30 unused Assets to reduce memory usage. Loaded Objects now: 3573.
Total: 2.964900 ms (FindLiveObjects: 0.296100 ms CreateObjectMapping: 0.141900 ms MarkObjects: 2.427600 ms  DeleteObjects: 0.097600 ms)

========================================================================
Received Prepare
Shader 'Universal Render Pipeline/Particles/Lit': fallback shader 'Universal Render Pipeline/Particles/SimpleLit' not found
Refreshing native plugins compatible for Editor in 10.91 ms, found 8 plugins.
Preloading 1 native plugins for Editor in 0.15 ms.
Unloading 20 Unused Serialized files (Serialized files now loaded: 0)
System memory in use before: 79.9 MB.
System memory in use after: 80.1 MB.

Unloading 20 unused Assets to reduce memory usage. Loaded Objects now: 3573.
Total: 2.798400 ms (FindLiveObjects: 0.284100 ms CreateObjectMapping: 0.139600 ms MarkObjects: 2.310200 ms  DeleteObjects: 0.063300 ms)

========================================================================
Received Import Request.
  path: Assets/Scenes/PlayZone.unity
  artifactKey: Guid(33d7ee9c014a1e844924f90cc910ba7c) Importer(815301076,1909f56bfc062723c751e8b465ee728b)
Start importing Assets/Scenes/PlayZone.unity using Guid(33d7ee9c014a1e844924f90cc910ba7c) Importer(815301076,1909f56bfc062723c751e8b465ee728b)  -> (artifact id: 'd1b5cbcfd19cf4095c6d1bea223f1b1f') in 0.028298 seconds
  Import took 0.037631 seconds .

========================================================================
Received Import Request.
  Time since last request: 13.062731 seconds.
  path: Assets/Tests/Button Test
  artifactKey: Guid(544782b18b17b024a96ed24c0be89ba3) Importer(815301076,1909f56bfc062723c751e8b465ee728b)
Start importing Assets/Tests/Button Test using Guid(544782b18b17b024a96ed24c0be89ba3) Importer(815301076,1909f56bfc062723c751e8b465ee728b)  -> (artifact id: '4f3e761d930723669d61e22587fe9851') in 0.005115 seconds
  Import took 0.012107 seconds .

========================================================================
Received Import Request.
  Time since last request: 5.080808 seconds.
  path: Assets/Tests/Button Test/ButtonTest.unity
  artifactKey: Guid(a1b95d7e9d243be45a95f39797c92024) Importer(815301076,1909f56bfc062723c751e8b465ee728b)
Start importing Assets/Tests/Button Test/ButtonTest.unity using Guid(a1b95d7e9d243be45a95f39797c92024) Importer(815301076,1909f56bfc062723c751e8b465ee728b)  -> (artifact id: '5617b90231565741586a556e9d96a643') in 0.006771 seconds
  Import took 0.014925 seconds .

========================================================================
Received Import Request.
  Time since last request: 2.088336 seconds.
  path: Assets/Tests/Button Test/Ball.prefab
  artifactKey: Guid(6a5b99371aa335245ba320128614f335) Importer(815301076,1909f56bfc062723c751e8b465ee728b)
Start importing Assets/Tests/Button Test/Ball.prefab using Guid(6a5b99371aa335245ba320128614f335) Importer(815301076,1909f56bfc062723c751e8b465ee728b)  -> (artifact id: '7775c9be67c91e66f00230e5967b2293') in 0.295537 seconds
  Import took 0.327148 seconds .

========================================================================
Received Import Request.
  Time since last request: 19.589897 seconds.
  path: Assets/Tests/Button Test/SpawnBall.cs
  artifactKey: Guid(76de1cc3dae23ef4b8cc1a5b0e478234) Importer(815301076,1909f56bfc062723c751e8b465ee728b)
Start importing Assets/Tests/Button Test/SpawnBall.cs using Guid(76de1cc3dae23ef4b8cc1a5b0e478234) Importer(815301076,1909f56bfc062723c751e8b465ee728b)  -> (artifact id: 'c4af6ea402b9d56624c499ed97f6e67f') in 0.016917 seconds
  Import took 0.024616 seconds .

========================================================================
Received Prepare
Registering precompiled user dll's ...
Registered in 0.013692 seconds.
Begin MonoManager ReloadAssembly
Native extension for WindowsStandalone target not found
Refreshing native plugins compatible for Editor in 1.00 ms, found 8 plugins.
Preloading 1 native plugins for Editor in 0.22 ms.
NullReferenceException: Object reference not set to an instance of an object
  at Unity.XR.Oculus.OculusLoader.AssetPathToAbsolutePath (System.String assetPath) [0x00048] in C:\Users\Moses\Documents\GitHub\VR-Gameshow-Prototype\VR Gameshow Prototype\Library\PackageCache\com.unity.xr.oculus@1.9.1\Runtime\OculusLoader.cs:249 
  at Unity.XR.Oculus.OculusLoader.EditorLoadOVRPlugin () [0x0007b] in C:\Users\Moses\Documents\GitHub\VR-Gameshow-Prototype\VR Gameshow Prototype\Library\PackageCache\com.unity.xr.oculus@1.9.1\Runtime\OculusLoader.cs:234 

(Filename: Library/PackageCache/com.unity.xr.oculus@1.9.1/Runtime/OculusLoader.cs Line: 249)

Mono: successfully reloaded assembly
- Completed reload, in  2.147 seconds
Platform modules already initialized, skipping
Switching build target platform(19) subTarget(0) extendedPlatform(0) -> platform(13) subTarget(524294) extendedPlatform(0)
Shader 'Universal Render Pipeline/Particles/Lit': fallback shader 'Universal Render Pipeline/Particles/SimpleLit' not found
Refreshing native plugins compatible for Editor in 0.95 ms, found 8 plugins.
Preloading 1 native plugins for Editor in 0.16 ms.
Unloading 2975 Unused Serialized files (Serialized files now loaded: 0)
System memory in use before: 140.3 MB.
System memory in use after: 140.5 MB.

Unloading 23 unused Assets to reduce memory usage. Loaded Objects now: 3623.
Total: 3.499500 ms (FindLiveObjects: 0.382100 ms CreateObjectMapping: 0.270000 ms MarkObjects: 2.758800 ms  DeleteObjects: 0.087300 ms)

AssetImportParameters requested are different than current active one (requested -> active):
  custom:graphics/normal-map-encoding: 01000000000000000000000000000000 -> 02000000000000000000000000000000
========================================================================
Received Prepare
Registering precompiled user dll's ...
Registered in 0.012475 seconds.
Begin MonoManager ReloadAssembly
Native extension for WindowsStandalone target not found
Refreshing native plugins compatible for Editor in 0.96 ms, found 8 plugins.
Preloading 1 native plugins for Editor in 0.22 ms.
NullReferenceException: Object reference not set to an instance of an object
  at Unity.XR.Oculus.OculusLoader.AssetPathToAbsolutePath (System.String assetPath) [0x00048] in C:\Users\Moses\Documents\GitHub\VR-Gameshow-Prototype\VR Gameshow Prototype\Library\PackageCache\com.unity.xr.oculus@1.9.1\Runtime\OculusLoader.cs:249 
  at Unity.XR.Oculus.OculusLoader.EditorLoadOVRPlugin () [0x0007b] in C:\Users\Moses\Documents\GitHub\VR-Gameshow-Prototype\VR Gameshow Prototype\Library\PackageCache\com.unity.xr.oculus@1.9.1\Runtime\OculusLoader.cs:234 

(Filename: Library/PackageCache/com.unity.xr.oculus@1.9.1/Runtime/OculusLoader.cs Line: 249)

Mono: successfully reloaded assembly
- Completed reload, in  1.510 seconds
Platform modules already initialized, skipping
Switching build target platform(19) subTarget(0) extendedPlatform(0) -> platform(13) subTarget(524294) extendedPlatform(0)
Shader 'Universal Render Pipeline/Particles/Lit': fallback shader 'Universal Render Pipeline/Particles/SimpleLit' not found
Refreshing native plugins compatible for Editor in 0.98 ms, found 8 plugins.
Preloading 1 native plugins for Editor in 0.17 ms.
Unloading 2975 Unused Serialized files (Serialized files now loaded: 0)
System memory in use before: 140.4 MB.
System memory in use after: 140.6 MB.

Unloading 23 unused Assets to reduce memory usage. Loaded Objects now: 3627.
Total: 3.583500 ms (FindLiveObjects: 0.400400 ms CreateObjectMapping: 0.285000 ms MarkObjects: 2.801700 ms  DeleteObjects: 0.094900 ms)

AssetImportParameters requested are different than current active one (requested -> active):
  custom:graphics/normal-map-encoding: 01000000000000000000000000000000 -> 02000000000000000000000000000000
========================================================================
Received Prepare
Registering precompiled user dll's ...
Registered in 0.012099 seconds.
Begin MonoManager ReloadAssembly
Native extension for WindowsStandalone target not found
Refreshing native plugins compatible for Editor in 1.03 ms, found 8 plugins.
Preloading 1 native plugins for Editor in 0.22 ms.
NullReferenceException: Object reference not set to an instance of an object
  at Unity.XR.Oculus.OculusLoader.AssetPathToAbsolutePath (System.String assetPath) [0x00048] in C:\Users\Moses\Documents\GitHub\VR-Gameshow-Prototype\VR Gameshow Prototype\Library\PackageCache\com.unity.xr.oculus@1.9.1\Runtime\OculusLoader.cs:249 
  at Unity.XR.Oculus.OculusLoader.EditorLoadOVRPlugin () [0x0007b] in C:\Users\Moses\Documents\GitHub\VR-Gameshow-Prototype\VR Gameshow Prototype\Library\PackageCache\com.unity.xr.oculus@1.9.1\Runtime\OculusLoader.cs:234 

(Filename: Library/PackageCache/com.unity.xr.oculus@1.9.1/Runtime/OculusLoader.cs Line: 249)

Mono: successfully reloaded assembly
- Completed reload, in  1.564 seconds
Platform modules already initialized, skipping
Switching build target platform(19) subTarget(0) extendedPlatform(0) -> platform(13) subTarget(524294) extendedPlatform(0)
Shader 'Universal Render Pipeline/Particles/Lit': fallback shader 'Universal Render Pipeline/Particles/SimpleLit' not found
Refreshing native plugins compatible for Editor in 1.02 ms, found 8 plugins.
Preloading 1 native plugins for Editor in 0.17 ms.
Unloading 2975 Unused Serialized files (Serialized files now loaded: 0)
System memory in use before: 140.4 MB.
System memory in use after: 140.6 MB.

Unloading 23 unused Assets to reduce memory usage. Loaded Objects now: 3631.
Total: 4.600300 ms (FindLiveObjects: 0.411700 ms CreateObjectMapping: 0.289200 ms MarkObjects: 3.809900 ms  DeleteObjects: 0.087800 ms)

AssetImportParameters requested are different than current active one (requested -> active):
  custom:graphics/normal-map-encoding: 01000000000000000000000000000000 -> 02000000000000000000000000000000
========================================================================
Received Prepare
Registering precompiled user dll's ...
Registered in 0.011991 seconds.
Begin MonoManager ReloadAssembly
Native extension for WindowsStandalone target not found
Refreshing native plugins compatible for Editor in 1.01 ms, found 8 plugins.
Preloading 1 native plugins for Editor in 0.21 ms.
NullReferenceException: Object reference not set to an instance of an object
  at Unity.XR.Oculus.OculusLoader.AssetPathToAbsolutePath (System.String assetPath) [0x00048] in C:\Users\Moses\Documents\GitHub\VR-Gameshow-Prototype\VR Gameshow Prototype\Library\PackageCache\com.unity.xr.oculus@1.9.1\Runtime\OculusLoader.cs:249 
  at Unity.XR.Oculus.OculusLoader.EditorLoadOVRPlugin () [0x0007b] in C:\Users\Moses\Documents\GitHub\VR-Gameshow-Prototype\VR Gameshow Prototype\Library\PackageCache\com.unity.xr.oculus@1.9.1\Runtime\OculusLoader.cs:234 

(Filename: Library/PackageCache/com.unity.xr.oculus@1.9.1/Runtime/OculusLoader.cs Line: 249)

Mono: successfully reloaded assembly
- Completed reload, in  1.568 seconds
Platform modules already initialized, skipping
Switching build target platform(19) subTarget(0) extendedPlatform(0) -> platform(13) subTarget(524294) extendedPlatform(0)
Shader 'Universal Render Pipeline/Particles/Lit': fallback shader 'Universal Render Pipeline/Particles/SimpleLit' not found
Refreshing native plugins compatible for Editor in 0.99 ms, found 8 plugins.
Preloading 1 native plugins for Editor in 0.18 ms.
Unloading 2975 Unused Serialized files (Serialized files now loaded: 0)
System memory in use before: 140.4 MB.
System memory in use after: 140.6 MB.

Unloading 23 unused Assets to reduce memory usage. Loaded Objects now: 3635.
Total: 3.762300 ms (FindLiveObjects: 0.442000 ms CreateObjectMapping: 0.290800 ms MarkObjects: 2.940400 ms  DeleteObjects: 0.087500 ms)

AssetImportParameters requested are different than current active one (requested -> active):
  custom:graphics/normal-map-encoding: 01000000000000000000000000000000 -> 02000000000000000000000000000000
========================================================================
Received Prepare
Registering precompiled user dll's ...
Registered in 0.011492 seconds.
Begin MonoManager ReloadAssembly
Native extension for WindowsStandalone target not found
Refreshing native plugins compatible for Editor in 1.02 ms, found 8 plugins.
Preloading 1 native plugins for Editor in 0.20 ms.
NullReferenceException: Object reference not set to an instance of an object
  at Unity.XR.Oculus.OculusLoader.AssetPathToAbsolutePath (System.String assetPath) [0x00048] in C:\Users\Moses\Documents\GitHub\VR-Gameshow-Prototype\VR Gameshow Prototype\Library\PackageCache\com.unity.xr.oculus@1.9.1\Runtime\OculusLoader.cs:249 
  at Unity.XR.Oculus.OculusLoader.EditorLoadOVRPlugin () [0x0007b] in C:\Users\Moses\Documents\GitHub\VR-Gameshow-Prototype\VR Gameshow Prototype\Library\PackageCache\com.unity.xr.oculus@1.9.1\Runtime\OculusLoader.cs:234 

(Filename: Library/PackageCache/com.unity.xr.oculus@1.9.1/Runtime/OculusLoader.cs Line: 249)

Mono: successfully reloaded assembly
- Completed reload, in  1.607 seconds
Platform modules already initialized, skipping
Switching build target platform(19) subTarget(0) extendedPlatform(0) -> platform(13) subTarget(524294) extendedPlatform(0)
Shader 'Universal Render Pipeline/Particles/Lit': fallback shader 'Universal Render Pipeline/Particles/SimpleLit' not found
Refreshing native plugins compatible for Editor in 1.00 ms, found 8 plugins.
Preloading 1 native plugins for Editor in 0.19 ms.
Unloading 2975 Unused Serialized files (Serialized files now loaded: 0)
System memory in use before: 140.4 MB.
System memory in use after: 140.6 MB.

Unloading 23 unused Assets to reduce memory usage. Loaded Objects now: 3639.
Total: 3.732300 ms (FindLiveObjects: 0.430300 ms CreateObjectMapping: 0.279100 ms MarkObjects: 2.940600 ms  DeleteObjects: 0.080700 ms)

AssetImportParameters requested are different than current active one (requested -> active):
  custom:graphics/normal-map-encoding: 01000000000000000000000000000000 -> 02000000000000000000000000000000
========================================================================
Received Prepare
Registering precompiled user dll's ...
Registered in 0.011344 seconds.
Begin MonoManager ReloadAssembly
Native extension for WindowsStandalone target not found
Refreshing native plugins compatible for Editor in 1.01 ms, found 8 plugins.
Preloading 1 native plugins for Editor in 0.20 ms.
NullReferenceException: Object reference not set to an instance of an object
  at Unity.XR.Oculus.OculusLoader.AssetPathToAbsolutePath (System.String assetPath) [0x00048] in C:\Users\Moses\Documents\GitHub\VR-Gameshow-Prototype\VR Gameshow Prototype\Library\PackageCache\com.unity.xr.oculus@1.9.1\Runtime\OculusLoader.cs:249 
  at Unity.XR.Oculus.OculusLoader.EditorLoadOVRPlugin () [0x0007b] in C:\Users\Moses\Documents\GitHub\VR-Gameshow-Prototype\VR Gameshow Prototype\Library\PackageCache\com.unity.xr.oculus@1.9.1\Runtime\OculusLoader.cs:234 

(Filename: Library/PackageCache/com.unity.xr.oculus@1.9.1/Runtime/OculusLoader.cs Line: 249)

Mono: successfully reloaded assembly
- Completed reload, in  1.715 seconds
Platform modules already initialized, skipping
Switching build target platform(19) subTarget(0) extendedPlatform(0) -> platform(13) subTarget(524294) extendedPlatform(0)
Shader 'Universal Render Pipeline/Particles/Lit': fallback shader 'Universal Render Pipeline/Particles/SimpleLit' not found
Refreshing native plugins compatible for Editor in 0.97 ms, found 8 plugins.
Preloading 1 native plugins for Editor in 0.17 ms.
Unloading 2975 Unused Serialized files (Serialized files now loaded: 0)
System memory in use before: 140.5 MB.
System memory in use after: 140.7 MB.

Unloading 23 unused Assets to reduce memory usage. Loaded Objects now: 3643.
Total: 3.697900 ms (FindLiveObjects: 0.415300 ms CreateObjectMapping: 0.299500 ms MarkObjects: 2.893400 ms  DeleteObjects: 0.087700 ms)

AssetImportParameters requested are different than current active one (requested -> active):
  custom:graphics/normal-map-encoding: 01000000000000000000000000000000 -> 02000000000000000000000000000000
========================================================================
Received Import Request.
  Time since last request: 356.735601 seconds.
  path: Assets/Tests/Button Test/Ball.prefab
  artifactKey: Guid(6a5b99371aa335245ba320128614f335) Importer(815301076,1909f56bfc062723c751e8b465ee728b)
Start importing Assets/Tests/Button Test/Ball.prefab using Guid(6a5b99371aa335245ba320128614f335) Importer(815301076,1909f56bfc062723c751e8b465ee728b)  -> (artifact id: '0b7b340f77038c6caac76224fdc3b812') in 1.053715 seconds
  Import took 1.060712 seconds .

========================================================================
Received Import Request.
  Time since last request: 0.266770 seconds.
  path: Assets/Tests/Button Test/Ball.prefab
  artifactKey: Guid(6a5b99371aa335245ba320128614f335) Importer(815301076,1909f56bfc062723c751e8b465ee728b)
Start importing Assets/Tests/Button Test/Ball.prefab using Guid(6a5b99371aa335245ba320128614f335) Importer(815301076,1909f56bfc062723c751e8b465ee728b)  -> (artifact id: '0b7b340f77038c6caac76224fdc3b812') in 0.011959 seconds
  Import took 0.018888 seconds .

========================================================================
Received Prepare
Registering precompiled user dll's ...
Registered in 0.011398 seconds.
Begin MonoManager ReloadAssembly
Native extension for WindowsStandalone target not found
Refreshing native plugins compatible for Editor in 1.28 ms, found 8 plugins.
Preloading 1 native plugins for Editor in 0.24 ms.
NullReferenceException: Object reference not set to an instance of an object
  at Unity.XR.Oculus.OculusLoader.AssetPathToAbsolutePath (System.String assetPath) [0x00048] in C:\Users\Moses\Documents\GitHub\VR-Gameshow-Prototype\VR Gameshow Prototype\Library\PackageCache\com.unity.xr.oculus@1.9.1\Runtime\OculusLoader.cs:249 
  at Unity.XR.Oculus.OculusLoader.EditorLoadOVRPlugin () [0x0007b] in C:\Users\Moses\Documents\GitHub\VR-Gameshow-Prototype\VR Gameshow Prototype\Library\PackageCache\com.unity.xr.oculus@1.9.1\Runtime\OculusLoader.cs:234 

(Filename: Library/PackageCache/com.unity.xr.oculus@1.9.1/Runtime/OculusLoader.cs Line: 249)

Mono: successfully reloaded assembly
- Completed reload, in  1.544 seconds
Platform modules already initialized, skipping
Switching build target platform(19) subTarget(0) extendedPlatform(0) -> platform(13) subTarget(524294) extendedPlatform(0)
Shader 'Universal Render Pipeline/Particles/Lit': fallback shader 'Universal Render Pipeline/Particles/SimpleLit' not found
Refreshing native plugins compatible for Editor in 1.00 ms, found 8 plugins.
Preloading 1 native plugins for Editor in 0.18 ms.
Unloading 2975 Unused Serialized files (Serialized files now loaded: 0)
System memory in use before: 141.1 MB.
System memory in use after: 141.3 MB.

Unloading 23 unused Assets to reduce memory usage. Loaded Objects now: 3683.
Total: 3.523400 ms (FindLiveObjects: 0.380000 ms CreateObjectMapping: 0.152000 ms MarkObjects: 2.902700 ms  DeleteObjects: 0.086700 ms)

AssetImportParameters requested are different than current active one (requested -> active):
  custom:graphics/normal-map-encoding: 01000000000000000000000000000000 -> 02000000000000000000000000000000
========================================================================
Received Import Request.
  Time since last request: 155.296195 seconds.
  path: Assets/Tests/Button Test/Ball.prefab
  artifactKey: Guid(6a5b99371aa335245ba320128614f335) Importer(815301076,1909f56bfc062723c751e8b465ee728b)
Start importing Assets/Tests/Button Test/Ball.prefab using Guid(6a5b99371aa335245ba320128614f335) Importer(815301076,1909f56bfc062723c751e8b465ee728b)  -> (artifact id: 'd4e3b9a1700dda2516177ffbc2e1c4a3') in 0.258242 seconds
  Import took 0.264800 seconds .

========================================================================
Received Prepare
Registering precompiled user dll's ...
Registered in 0.012968 seconds.
Begin MonoManager ReloadAssembly
Native extension for WindowsStandalone target not found
Refreshing native plugins compatible for Editor in 1.42 ms, found 8 plugins.
Preloading 1 native plugins for Editor in 0.27 ms.
NullReferenceException: Object reference not set to an instance of an object
  at Unity.XR.Oculus.OculusLoader.AssetPathToAbsolutePath (System.String assetPath) [0x00048] in C:\Users\Moses\Documents\GitHub\VR-Gameshow-Prototype\VR Gameshow Prototype\Library\PackageCache\com.unity.xr.oculus@1.9.1\Runtime\OculusLoader.cs:249 
  at Unity.XR.Oculus.OculusLoader.EditorLoadOVRPlugin () [0x0007b] in C:\Users\Moses\Documents\GitHub\VR-Gameshow-Prototype\VR Gameshow Prototype\Library\PackageCache\com.unity.xr.oculus@1.9.1\Runtime\OculusLoader.cs:234 

(Filename: Library/PackageCache/com.unity.xr.oculus@1.9.1/Runtime/OculusLoader.cs Line: 249)

Mono: successfully reloaded assembly
- Completed reload, in  2.272 seconds
Platform modules already initialized, skipping
Switching build target platform(19) subTarget(0) extendedPlatform(0) -> platform(13) subTarget(524294) extendedPlatform(0)
Shader 'Universal Render Pipeline/Particles/Lit': fallback shader 'Universal Render Pipeline/Particles/SimpleLit' not found
Refreshing native plugins compatible for Editor in 1.19 ms, found 8 plugins.
Preloading 1 native plugins for Editor in 0.21 ms.
Unloading 2975 Unused Serialized files (Serialized files now loaded: 0)
System memory in use before: 141.2 MB.
System memory in use after: 141.4 MB.

Unloading 23 unused Assets to reduce memory usage. Loaded Objects now: 3723.
Total: 5.265200 ms (FindLiveObjects: 0.447000 ms CreateObjectMapping: 0.275900 ms MarkObjects: 4.454100 ms  DeleteObjects: 0.086700 ms)

AssetImportParameters requested are different than current active one (requested -> active):
  custom:graphics/normal-map-encoding: 01000000000000000000000000000000 -> 02000000000000000000000000000000
========================================================================
Received Import Request.
  Time since last request: 230.913738 seconds.
  path: Assets/Tests/Button Test/Ball.prefab
  artifactKey: Guid(6a5b99371aa335245ba320128614f335) Importer(815301076,1909f56bfc062723c751e8b465ee728b)
Start importing Assets/Tests/Button Test/Ball.prefab using Guid(6a5b99371aa335245ba320128614f335) Importer(815301076,1909f56bfc062723c751e8b465ee728b)  -> (artifact id: 'f5f77dcd219aa0399e977adc9119bdb6') in 0.373942 seconds
  Import took 0.381988 seconds .

========================================================================
Received Import Request.
  Time since last request: 154.352979 seconds.
  path: Assets/Tests/Button Test/ChangeColour.cs
  artifactKey: Guid(2675fd96f4a8ed14c9bad3cbf45ce3d4) Importer(815301076,1909f56bfc062723c751e8b465ee728b)
Start importing Assets/Tests/Button Test/ChangeColour.cs using Guid(2675fd96f4a8ed14c9bad3cbf45ce3d4) Importer(815301076,1909f56bfc062723c751e8b465ee728b)  -> (artifact id: '2c0cafc97e3b284893ce42b0aa28dbc9') in 0.536329 seconds
  Import took 0.549342 seconds .

========================================================================
Received Prepare
Registering precompiled user dll's ...
Registered in 0.011400 seconds.
Begin MonoManager ReloadAssembly
Native extension for WindowsStandalone target not found
Refreshing native plugins compatible for Editor in 0.98 ms, found 8 plugins.
Preloading 1 native plugins for Editor in 0.22 ms.
NullReferenceException: Object reference not set to an instance of an object
  at Unity.XR.Oculus.OculusLoader.AssetPathToAbsolutePath (System.String assetPath) [0x00048] in C:\Users\Moses\Documents\GitHub\VR-Gameshow-Prototype\VR Gameshow Prototype\Library\PackageCache\com.unity.xr.oculus@1.9.1\Runtime\OculusLoader.cs:249 
  at Unity.XR.Oculus.OculusLoader.EditorLoadOVRPlugin () [0x0007b] in C:\Users\Moses\Documents\GitHub\VR-Gameshow-Prototype\VR Gameshow Prototype\Library\PackageCache\com.unity.xr.oculus@1.9.1\Runtime\OculusLoader.cs:234 

(Filename: Library/PackageCache/com.unity.xr.oculus@1.9.1/Runtime/OculusLoader.cs Line: 249)

Mono: successfully reloaded assembly
- Completed reload, in  1.965 seconds
Platform modules already initialized, skipping
Switching build target platform(19) subTarget(0) extendedPlatform(0) -> platform(13) subTarget(524294) extendedPlatform(0)
Shader 'Universal Render Pipeline/Particles/Lit': fallback shader 'Universal Render Pipeline/Particles/SimpleLit' not found
Refreshing native plugins compatible for Editor in 1.02 ms, found 8 plugins.
Preloading 1 native plugins for Editor in 0.18 ms.
Unloading 2976 Unused Serialized files (Serialized files now loaded: 0)
System memory in use before: 141.4 MB.
System memory in use after: 141.6 MB.

Unloading 23 unused Assets to reduce memory usage. Loaded Objects now: 3764.
Total: 4.048400 ms (FindLiveObjects: 0.427900 ms CreateObjectMapping: 0.279500 ms MarkObjects: 3.256100 ms  DeleteObjects: 0.083600 ms)

AssetImportParameters requested are different than current active one (requested -> active):
  custom:graphics/normal-map-encoding: 01000000000000000000000000000000 -> 02000000000000000000000000000000
========================================================================
Received Prepare
Registering precompiled user dll's ...
Registered in 0.012206 seconds.
Begin MonoManager ReloadAssembly
Native extension for WindowsStandalone target not found
Refreshing native plugins compatible for Editor in 1.03 ms, found 8 plugins.
Preloading 1 native plugins for Editor in 0.21 ms.
NullReferenceException: Object reference not set to an instance of an object
  at Unity.XR.Oculus.OculusLoader.AssetPathToAbsolutePath (System.String assetPath) [0x00048] in C:\Users\Moses\Documents\GitHub\VR-Gameshow-Prototype\VR Gameshow Prototype\Library\PackageCache\com.unity.xr.oculus@1.9.1\Runtime\OculusLoader.cs:249 
  at Unity.XR.Oculus.OculusLoader.EditorLoadOVRPlugin () [0x0007b] in C:\Users\Moses\Documents\GitHub\VR-Gameshow-Prototype\VR Gameshow Prototype\Library\PackageCache\com.unity.xr.oculus@1.9.1\Runtime\OculusLoader.cs:234 

(Filename: Library/PackageCache/com.unity.xr.oculus@1.9.1/Runtime/OculusLoader.cs Line: 249)

Mono: successfully reloaded assembly
- Completed reload, in  1.705 seconds
Platform modules already initialized, skipping
Switching build target platform(19) subTarget(0) extendedPlatform(0) -> platform(13) subTarget(524294) extendedPlatform(0)
Shader 'Universal Render Pipeline/Particles/Lit': fallback shader 'Universal Render Pipeline/Particles/SimpleLit' not found
Refreshing native plugins compatible for Editor in 0.99 ms, found 8 plugins.
Preloading 1 native plugins for Editor in 0.16 ms.
Unloading 2976 Unused Serialized files (Serialized files now loaded: 0)
System memory in use before: 141.4 MB.
System memory in use after: 141.6 MB.

Unloading 23 unused Assets to reduce memory usage. Loaded Objects now: 3768.
Total: 4.238600 ms (FindLiveObjects: 0.527200 ms CreateObjectMapping: 0.356500 ms MarkObjects: 3.269000 ms  DeleteObjects: 0.084200 ms)

AssetImportParameters requested are different than current active one (requested -> active):
  custom:graphics/normal-map-encoding: 01000000000000000000000000000000 -> 02000000000000000000000000000000
========================================================================
Received Import Request.
  Time since last request: 734.451874 seconds.
  path: ProjectSettings/TagManager.asset
  artifactKey: Guid(00000000000000003000000000000000) Importer(815301076,1909f56bfc062723c751e8b465ee728b)
Start importing ProjectSettings/TagManager.asset using Guid(00000000000000003000000000000000) Importer(815301076,1909f56bfc062723c751e8b465ee728b)  -> (artifact id: 'fc42e30003074059bef8fb59cba1b257') in 0.048135 seconds
  Import took 0.057537 seconds .

========================================================================
Received Import Request.
  Time since last request: 7.822208 seconds.
  path: Assets/Tests/Button Test/Ball.prefab
  artifactKey: Guid(6a5b99371aa335245ba320128614f335) Importer(815301076,1909f56bfc062723c751e8b465ee728b)
Start importing Assets/Tests/Button Test/Ball.prefab using Guid(6a5b99371aa335245ba320128614f335) Importer(815301076,1909f56bfc062723c751e8b465ee728b)  -> (artifact id: 'ce72fa793f92bef2a882a5b591c12d2b') in 0.322136 seconds
  Import took 0.331913 seconds .

========================================================================
Received Prepare
Registering precompiled user dll's ...
Registered in 0.011692 seconds.
Begin MonoManager ReloadAssembly
Native extension for WindowsStandalone target not found
Refreshing native plugins compatible for Editor in 1.07 ms, found 8 plugins.
Preloading 1 native plugins for Editor in 0.19 ms.
NullReferenceException: Object reference not set to an instance of an object
  at Unity.XR.Oculus.OculusLoader.AssetPathToAbsolutePath (System.String assetPath) [0x00048] in C:\Users\Moses\Documents\GitHub\VR-Gameshow-Prototype\VR Gameshow Prototype\Library\PackageCache\com.unity.xr.oculus@1.9.1\Runtime\OculusLoader.cs:249 
  at Unity.XR.Oculus.OculusLoader.EditorLoadOVRPlugin () [0x0007b] in C:\Users\Moses\Documents\GitHub\VR-Gameshow-Prototype\VR Gameshow Prototype\Library\PackageCache\com.unity.xr.oculus@1.9.1\Runtime\OculusLoader.cs:234 

(Filename: Library/PackageCache/com.unity.xr.oculus@1.9.1/Runtime/OculusLoader.cs Line: 249)

Mono: successfully reloaded assembly
- Completed reload, in  1.789 seconds
Platform modules already initialized, skipping
Switching build target platform(19) subTarget(0) extendedPlatform(0) -> platform(13) subTarget(524294) extendedPlatform(0)
Shader 'Universal Render Pipeline/Particles/Lit': fallback shader 'Universal Render Pipeline/Particles/SimpleLit' not found
Refreshing native plugins compatible for Editor in 1.01 ms, found 8 plugins.
Preloading 1 native plugins for Editor in 0.18 ms.
Unloading 2976 Unused Serialized files (Serialized files now loaded: 0)
System memory in use before: 141.6 MB.
System memory in use after: 141.8 MB.

Unloading 24 unused Assets to reduce memory usage. Loaded Objects now: 3808.
Total: 4.082800 ms (FindLiveObjects: 0.518100 ms CreateObjectMapping: 0.288000 ms MarkObjects: 3.178500 ms  DeleteObjects: 0.096800 ms)

AssetImportParameters requested are different than current active one (requested -> active):
  custom:graphics/normal-map-encoding: 01000000000000000000000000000000 -> 02000000000000000000000000000000
========================================================================
Received Prepare
Registering precompiled user dll's ...
Registered in 0.012628 seconds.
Begin MonoManager ReloadAssembly
Native extension for WindowsStandalone target not found
Refreshing native plugins compatible for Editor in 1.02 ms, found 8 plugins.
Preloading 1 native plugins for Editor in 0.31 ms.
NullReferenceException: Object reference not set to an instance of an object
  at Unity.XR.Oculus.OculusLoader.AssetPathToAbsolutePath (System.String assetPath) [0x00048] in C:\Users\Moses\Documents\GitHub\VR-Gameshow-Prototype\VR Gameshow Prototype\Library\PackageCache\com.unity.xr.oculus@1.9.1\Runtime\OculusLoader.cs:249 
  at Unity.XR.Oculus.OculusLoader.EditorLoadOVRPlugin () [0x0007b] in C:\Users\Moses\Documents\GitHub\VR-Gameshow-Prototype\VR Gameshow Prototype\Library\PackageCache\com.unity.xr.oculus@1.9.1\Runtime\OculusLoader.cs:234 

(Filename: Library/PackageCache/com.unity.xr.oculus@1.9.1/Runtime/OculusLoader.cs Line: 249)

Mono: successfully reloaded assembly
- Completed reload, in  1.786 seconds
Platform modules already initialized, skipping
Switching build target platform(19) subTarget(0) extendedPlatform(0) -> platform(13) subTarget(524294) extendedPlatform(0)
Shader 'Universal Render Pipeline/Particles/Lit': fallback shader 'Universal Render Pipeline/Particles/SimpleLit' not found
Refreshing native plugins compatible for Editor in 1.01 ms, found 8 plugins.
Preloading 1 native plugins for Editor in 0.19 ms.
Unloading 2976 Unused Serialized files (Serialized files now loaded: 0)
System memory in use before: 141.6 MB.
System memory in use after: 141.8 MB.

Unloading 23 unused Assets to reduce memory usage. Loaded Objects now: 3812.
Total: 4.125500 ms (FindLiveObjects: 0.468300 ms CreateObjectMapping: 0.321200 ms MarkObjects: 3.249000 ms  DeleteObjects: 0.085600 ms)

AssetImportParameters requested are different than current active one (requested -> active):
  custom:graphics/normal-map-encoding: 01000000000000000000000000000000 -> 02000000000000000000000000000000
========================================================================
Received Prepare
Registering precompiled user dll's ...
Registered in 0.013450 seconds.
Begin MonoManager ReloadAssembly
Native extension for WindowsStandalone target not found
Refreshing native plugins compatible for Editor in 1.24 ms, found 8 plugins.
Preloading 1 native plugins for Editor in 0.23 ms.
NullReferenceException: Object reference not set to an instance of an object
  at Unity.XR.Oculus.OculusLoader.AssetPathToAbsolutePath (System.String assetPath) [0x00048] in C:\Users\Moses\Documents\GitHub\VR-Gameshow-Prototype\VR Gameshow Prototype\Library\PackageCache\com.unity.xr.oculus@1.9.1\Runtime\OculusLoader.cs:249 
  at Unity.XR.Oculus.OculusLoader.EditorLoadOVRPlugin () [0x0007b] in C:\Users\Moses\Documents\GitHub\VR-Gameshow-Prototype\VR Gameshow Prototype\Library\PackageCache\com.unity.xr.oculus@1.9.1\Runtime\OculusLoader.cs:234 

(Filename: Library/PackageCache/com.unity.xr.oculus@1.9.1/Runtime/OculusLoader.cs Line: 249)

Mono: successfully reloaded assembly
- Completed reload, in  1.626 seconds
Platform modules already initialized, skipping
Switching build target platform(19) subTarget(0) extendedPlatform(0) -> platform(13) subTarget(524294) extendedPlatform(0)
Shader 'Universal Render Pipeline/Particles/Lit': fallback shader 'Universal Render Pipeline/Particles/SimpleLit' not found
Refreshing native plugins compatible for Editor in 1.41 ms, found 8 plugins.
Preloading 1 native plugins for Editor in 0.20 ms.
Unloading 2976 Unused Serialized files (Serialized files now loaded: 0)
System memory in use before: 141.6 MB.
System memory in use after: 141.8 MB.

Unloading 23 unused Assets to reduce memory usage. Loaded Objects now: 3816.
Total: 4.430000 ms (FindLiveObjects: 0.441600 ms CreateObjectMapping: 0.492700 ms MarkObjects: 3.382300 ms  DeleteObjects: 0.112000 ms)

AssetImportParameters requested are different than current active one (requested -> active):
  custom:graphics/normal-map-encoding: 01000000000000000000000000000000 -> 02000000000000000000000000000000
========================================================================
Received Prepare
Registering precompiled user dll's ...
Registered in 0.012238 seconds.
Begin MonoManager ReloadAssembly
Native extension for WindowsStandalone target not found
Refreshing native plugins compatible for Editor in 1.16 ms, found 8 plugins.
Preloading 1 native plugins for Editor in 0.38 ms.
NullReferenceException: Object reference not set to an instance of an object
  at Unity.XR.Oculus.OculusLoader.AssetPathToAbsolutePath (System.String assetPath) [0x00048] in C:\Users\Moses\Documents\GitHub\VR-Gameshow-Prototype\VR Gameshow Prototype\Library\PackageCache\com.unity.xr.oculus@1.9.1\Runtime\OculusLoader.cs:249 
  at Unity.XR.Oculus.OculusLoader.EditorLoadOVRPlugin () [0x0007b] in C:\Users\Moses\Documents\GitHub\VR-Gameshow-Prototype\VR Gameshow Prototype\Library\PackageCache\com.unity.xr.oculus@1.9.1\Runtime\OculusLoader.cs:234 

(Filename: Library/PackageCache/com.unity.xr.oculus@1.9.1/Runtime/OculusLoader.cs Line: 249)

Mono: successfully reloaded assembly
- Completed reload, in  2.428 seconds
Platform modules already initialized, skipping
Switching build target platform(19) subTarget(0) extendedPlatform(0) -> platform(13) subTarget(524294) extendedPlatform(0)
Shader 'Universal Render Pipeline/Particles/Lit': fallback shader 'Universal Render Pipeline/Particles/SimpleLit' not found
Refreshing native plugins compatible for Editor in 6.58 ms, found 8 plugins.
Preloading 1 native plugins for Editor in 0.24 ms.
Unloading 2976 Unused Serialized files (Serialized files now loaded: 0)
System memory in use before: 141.6 MB.
System memory in use after: 141.8 MB.

Unloading 23 unused Assets to reduce memory usage. Loaded Objects now: 3820.
Total: 6.805300 ms (FindLiveObjects: 0.680800 ms CreateObjectMapping: 0.322100 ms MarkObjects: 5.713700 ms  DeleteObjects: 0.086300 ms)

AssetImportParameters requested are different than current active one (requested -> active):
  custom:graphics/normal-map-encoding: 01000000000000000000000000000000 -> 02000000000000000000000000000000
========================================================================
Received Prepare
Registering precompiled user dll's ...
Registered in 0.012049 seconds.
Begin MonoManager ReloadAssembly
Native extension for WindowsStandalone target not found
Refreshing native plugins compatible for Editor in 1.76 ms, found 8 plugins.
Preloading 1 native plugins for Editor in 0.26 ms.
NullReferenceException: Object reference not set to an instance of an object
  at Unity.XR.Oculus.OculusLoader.AssetPathToAbsolutePath (System.String assetPath) [0x00048] in C:\Users\Moses\Documents\GitHub\VR-Gameshow-Prototype\VR Gameshow Prototype\Library\PackageCache\com.unity.xr.oculus@1.9.1\Runtime\OculusLoader.cs:249 
  at Unity.XR.Oculus.OculusLoader.EditorLoadOVRPlugin () [0x0007b] in C:\Users\Moses\Documents\GitHub\VR-Gameshow-Prototype\VR Gameshow Prototype\Library\PackageCache\com.unity.xr.oculus@1.9.1\Runtime\OculusLoader.cs:234 

(Filename: Library/PackageCache/com.unity.xr.oculus@1.9.1/Runtime/OculusLoader.cs Line: 249)

Mono: successfully reloaded assembly
- Completed reload, in  2.070 seconds
Platform modules already initialized, skipping
Switching build target platform(19) subTarget(0) extendedPlatform(0) -> platform(13) subTarget(524294) extendedPlatform(0)
Shader 'Universal Render Pipeline/Particles/Lit': fallback shader 'Universal Render Pipeline/Particles/SimpleLit' not found
Refreshing native plugins compatible for Editor in 1.07 ms, found 8 plugins.
Preloading 1 native plugins for Editor in 0.21 ms.
Unloading 2976 Unused Serialized files (Serialized files now loaded: 0)
System memory in use before: 141.6 MB.
System memory in use after: 141.8 MB.

Unloading 23 unused Assets to reduce memory usage. Loaded Objects now: 3824.
Total: 4.711600 ms (FindLiveObjects: 0.484400 ms CreateObjectMapping: 0.357700 ms MarkObjects: 3.783600 ms  DeleteObjects: 0.084000 ms)

AssetImportParameters requested are different than current active one (requested -> active):
  custom:graphics/normal-map-encoding: 01000000000000000000000000000000 -> 02000000000000000000000000000000
AssetImportWorkerClient::OnTransportError - code=2 error=End of file
